1686210313274:help
1686210322445:random
1686210563664:help
1686210576140:history
1686210584197:version
1686210721215:help
1686210735665:clear
1686210844690:quit
1686210940741:joke
1686210944690:random
1686211922706:categories
1686212013132:help
1686212023750:categories
1686212778175:links
1686213066167:categories
1686213070941:help
1686213176034:hello
1686213320895:hello there
1686213333452:hello --name Alfred
1686213371320:hello
1686213376410:hello Alfred
1686213429531:help
1686213454494:help hello
1686213673008:exit
